<?xml version="1.0" encoding="UTF-8"?>
<!-- Generated by org.testng.reporters.JUnitReportReporter -->
<testsuite hostname="DESKTOP-GGQ6OF8" failures="0" tests="1" name="com.opencart.testlayer.AddToCartTest" time="11.920" errors="0" timestamp="2024-06-13T16:12:01 IST" skipped="0">
  <testcase classname="com.opencart.testlayer.AddToCartTest" name="verifyaddtocartwithexhistingproduct" time="11.920"/>
</testsuite> <!-- com.opencart.testlayer.AddToCartTest -->
