<?xml version="1.0" encoding="UTF-8"?>
<!-- Generated by org.testng.reporters.JUnitReportReporter -->
<testsuite hostname="DESKTOP-GGQ6OF8" failures="0" tests="2" name="com.opencart.testlayer.LoginTest" time="14.909" errors="0" timestamp="2024-06-17T21:43:10 IST" skipped="0">
  <testcase classname="com.opencart.testlayer.LoginTest" name="verifylogintestwithvalidcredentials" time="10.562"/>
  <testcase classname="com.opencart.testlayer.LoginTest" name="verifylogintestwithinvalidcredentials" time="4.347"/>
</testsuite> <!-- com.opencart.testlayer.LoginTest -->
