<?xml version="1.0" encoding="UTF-8"?>
<!-- Generated by org.testng.reporters.JUnitReportReporter -->
<testsuite hostname="DESKTOP-GGQ6OF8" failures="0" tests="2" name="com.opencart.testlayer.LogoutTest" time="15.884" errors="0" timestamp="2024-06-17T21:43:10 IST" skipped="0">
  <testcase classname="com.opencart.testlayer.LogoutTest" name="verifylogouttestwithlogoutoptionfromright" time="10.479"/>
  <testcase classname="com.opencart.testlayer.LogoutTest" name="verifylogouttest" time="5.405"/>
</testsuite> <!-- com.opencart.testlayer.LogoutTest -->
