<?xml version="1.0" encoding="UTF-8"?>
<!-- Generated by org.testng.reporters.JUnitReportReporter -->
<testsuite hostname="DESKTOP-GGQ6OF8" failures="0" tests="1" name="com.opencart.testlayer.CheckOutTest" time="5.120" errors="0" timestamp="2024-06-17T21:43:10 IST" skipped="0">
  <testcase classname="com.opencart.testlayer.CheckOutTest" name="verifymacbookcheckouttestcase" time="5.120"/>
</testsuite> <!-- com.opencart.testlayer.CheckOutTest -->
