<?xml version="1.0" encoding="UTF-8"?>
<!-- Generated by org.testng.reporters.JUnitReportReporter -->
<testsuite hostname="DESKTOP-GGQ6OF8" failures="0" tests="1" name="com.opencart.testlayer.CheckOutTest" time="4.518" errors="0" timestamp="2024-06-20T10:39:13 IST" skipped="0">
  <testcase classname="com.opencart.testlayer.CheckOutTest" name="verifymacbookcheckouttestcase" time="4.518"/>
</testsuite> <!-- com.opencart.testlayer.CheckOutTest -->
